<?xml version="1.0" encoding="UTF-8"?>
<!-- Generated by org.testng.reporters.JUnitReportReporter -->
<testsuite hostname="LAPTOP-CODJI4BB" failures="0" tests="1" name="com.qa.rest.tests.signUpUnstopCandidateTest" time="11.272" errors="0" timestamp="2023-12-13T18:33:10 IST" skipped="0">
  <testcase classname="com.qa.rest.tests.signUpUnstopCandidateTest" name="candidateSignUp" time="11.272"/>
</testsuite> <!-- com.qa.rest.tests.signUpUnstopCandidateTest -->
