<?xml version="1.0" encoding="UTF-8"?>
<!-- Generated by org.testng.reporters.JUnitReportReporter -->
<testsuite hostname="LAPTOP-CODJI4BB" failures="0" tests="1" name="com.qa.rest.tests.DatePicker" time="6.528" errors="0" timestamp="2023-12-14T22:04:23 IST" skipped="0">
  <testcase classname="com.qa.rest.tests.DatePicker" name="selectDate" time="6.528"/>
</testsuite> <!-- com.qa.rest.tests.DatePicker -->
