<?xml version="1.0" encoding="UTF-8"?>
<!-- Generated by org.testng.reporters.JUnitReportReporter -->
<testsuite hostname="LAPTOP-CODJI4BB" failures="0" tests="1" name="com.qa.rest.tests.GetCallBDD" time="2.335" errors="0" timestamp="2023-12-13T14:22:06 IST" skipped="0">
  <testcase classname="com.qa.rest.tests.GetCallBDD" name="test_NoOfCircuitsin2023" time="2.335"/>
</testsuite> <!-- com.qa.rest.tests.GetCallBDD -->
